<?xml version="1.0" encoding="UTF-8"?>
<coverage generated="1745076529607" clover="3.2.0">
  <project timestamp="1745076529607" name="All files">
    <metrics statements="76" coveredstatements="69" conditionals="6" coveredconditionals="5" methods="38" coveredmethods="31" elements="120" coveredelements="105" complexity="0" loc="76" ncloc="76" packages="2" files="5" classes="5"/>
    <package name="Entity">
      <metrics statements="53" coveredstatements="46" conditionals="3" coveredconditionals="2" methods="31" coveredmethods="24"/>
      <file name="VideoEntity.ts" path="C:\Users\rafaa\OneDrive\Documentos\POS-Arquitetura_Software\FASE5\challenge5-app-importacao\src\Core\Entity\VideoEntity.ts">
        <metrics statements="24" coveredstatements="24" conditionals="3" coveredconditionals="2" methods="11" coveredmethods="11"/>
        <line num="1" count="1" type="stmt"/>
        <line num="2" count="1" type="stmt"/>
        <line num="16" count="2" type="stmt"/>
        <line num="17" count="2" type="stmt"/>
        <line num="18" count="2" type="stmt"/>
        <line num="19" count="2" type="stmt"/>
        <line num="20" count="2" type="stmt"/>
        <line num="21" count="2" type="stmt"/>
        <line num="22" count="2" type="stmt"/>
        <line num="23" count="2" type="stmt"/>
        <line num="24" count="2" type="stmt"/>
        <line num="26" count="2" type="cond" truecount="1" falsecount="0"/>
        <line num="27" count="2" type="stmt"/>
        <line num="29" count="2" type="cond" truecount="1" falsecount="1"/>
        <line num="33" count="1" type="stmt"/>
        <line num="37" count="1" type="stmt"/>
        <line num="41" count="1" type="stmt"/>
        <line num="45" count="1" type="stmt"/>
        <line num="49" count="1" type="stmt"/>
        <line num="53" count="1" type="stmt"/>
        <line num="57" count="1" type="stmt"/>
        <line num="61" count="1" type="stmt"/>
        <line num="65" count="1" type="stmt"/>
        <line num="69" count="1" type="stmt"/>
      </file>
      <file name="VideoImportEntity.ts" path="C:\Users\rafaa\OneDrive\Documentos\POS-Arquitetura_Software\FASE5\challenge5-app-importacao\src\Core\Entity\VideoImportEntity.ts">
        <metrics statements="29" coveredstatements="22" conditionals="0" coveredconditionals="0" methods="20" coveredmethods="13"/>
        <line num="4" count="1" type="stmt"/>
        <line num="6" count="0" type="stmt"/>
        <line num="9" count="4" type="stmt"/>
        <line num="10" count="4" type="stmt"/>
        <line num="11" count="4" type="stmt"/>
        <line num="12" count="4" type="stmt"/>
        <line num="13" count="4" type="stmt"/>
        <line num="14" count="4" type="stmt"/>
        <line num="15" count="4" type="stmt"/>
        <line num="16" count="4" type="stmt"/>
        <line num="17" count="4" type="stmt"/>
        <line num="23" count="1" type="stmt"/>
        <line num="27" count="0" type="stmt"/>
        <line num="31" count="1" type="stmt"/>
        <line num="35" count="0" type="stmt"/>
        <line num="39" count="2" type="stmt"/>
        <line num="43" count="1" type="stmt"/>
        <line num="47" count="1" type="stmt"/>
        <line num="51" count="0" type="stmt"/>
        <line num="55" count="2" type="stmt"/>
        <line num="59" count="1" type="stmt"/>
        <line num="63" count="1" type="stmt"/>
        <line num="67" count="0" type="stmt"/>
        <line num="71" count="1" type="stmt"/>
        <line num="75" count="0" type="stmt"/>
        <line num="79" count="2" type="stmt"/>
        <line num="83" count="1" type="stmt"/>
        <line num="87" count="1" type="stmt"/>
        <line num="91" count="0" type="stmt"/>
      </file>
    </package>
    <package name="Entity.ValueObject">
      <metrics statements="23" coveredstatements="23" conditionals="3" coveredconditionals="3" methods="7" coveredmethods="7"/>
      <file name="ProcessingConfigEntity.ts" path="C:\Users\rafaa\OneDrive\Documentos\POS-Arquitetura_Software\FASE5\challenge5-app-importacao\src\Core\Entity\ValueObject\ProcessingConfigEntity.ts">
        <metrics statements="12" coveredstatements="12" conditionals="1" coveredconditionals="1" methods="5" coveredmethods="5"/>
        <line num="1" count="1" type="stmt"/>
        <line num="3" count="1" type="stmt"/>
        <line num="11" count="2" type="stmt"/>
        <line num="12" count="2" type="stmt"/>
        <line num="13" count="2" type="stmt"/>
        <line num="15" count="2" type="cond" truecount="1" falsecount="0"/>
        <line num="16" count="2" type="stmt"/>
        <line num="18" count="2" type="stmt"/>
        <line num="22" count="1" type="stmt"/>
        <line num="26" count="1" type="stmt"/>
        <line num="30" count="1" type="stmt"/>
        <line num="34" count="1" type="stmt"/>
      </file>
      <file name="ProcessingStatusEnum.ts" path="C:\Users\rafaa\OneDrive\Documentos\POS-Arquitetura_Software\FASE5\challenge5-app-importacao\src\Core\Entity\ValueObject\ProcessingStatusEnum.ts">
        <metrics statements="5" coveredstatements="5" conditionals="2" coveredconditionals="2" methods="1" coveredmethods="1"/>
        <line num="1" count="1" type="cond" truecount="2" falsecount="0"/>
        <line num="2" count="1" type="stmt"/>
        <line num="3" count="1" type="stmt"/>
        <line num="4" count="1" type="stmt"/>
        <line num="5" count="1" type="stmt"/>
      </file>
      <file name="UserEntity.ts" path="C:\Users\rafaa\OneDrive\Documentos\POS-Arquitetura_Software\FASE5\challenge5-app-importacao\src\Core\Entity\ValueObject\UserEntity.ts">
        <metrics statements="6" coveredstatements="6" conditionals="0" coveredconditionals="0" methods="1" coveredmethods="1"/>
        <line num="3" count="1" type="stmt"/>
        <line num="12" count="3" type="stmt"/>
        <line num="13" count="3" type="stmt"/>
        <line num="14" count="3" type="stmt"/>
        <line num="15" count="3" type="stmt"/>
        <line num="16" count="3" type="stmt"/>
      </file>
    </package>
  </project>
</coverage>
