{"C:\\Users\\rafaa\\OneDrive\\Documentos\\POS-Arquitetura_Software\\FASE5\\challenge5-app-importacao\\src\\Core\\Entity\\VideoEntity.ts": {"path":"C:\\Users\\rafaa\\OneDrive\\Documentos\\POS-Arquitetura_Software\\FASE5\\challenge5-app-importacao\\src\\Core\\Entity\\VideoEntity.ts","statementMap":{"0":{"start":{"line":1,"column":0},"end":{"line":1,"column":36}},"1":{"start":{"line":16,"column":8},"end":{"line":16,"column":29}},"2":{"start":{"line":17,"column":8},"end":{"line":17,"column":35}},"3":{"start":{"line":18,"column":8},"end":{"line":18,"column":33}},"4":{"start":{"line":19,"column":8},"end":{"line":19,"column":43}},"5":{"start":{"line":20,"column":8},"end":{"line":20,"column":25}},"6":{"start":{"line":21,"column":8},"end":{"line":21,"column":33}},"7":{"start":{"line":22,"column":8},"end":{"line":22,"column":33}},"8":{"start":{"line":23,"column":8},"end":{"line":23,"column":33}},"9":{"start":{"line":24,"column":8},"end":{"line":24,"column":23}},"10":{"start":{"line":26,"column":8},"end":{"line":28,"column":9}},"11":{"start":{"line":27,"column":12},"end":{"line":27,"column":26}},"12":{"start":{"line":29,"column":8},"end":{"line":29,"column":33}},"13":{"start":{"line":33,"column":8},"end":{"line":33,"column":23}},"14":{"start":{"line":37,"column":8},"end":{"line":37,"column":27}},"15":{"start":{"line":41,"column":8},"end":{"line":41,"column":30}},"16":{"start":{"line":45,"column":8},"end":{"line":45,"column":29}},"17":{"start":{"line":49,"column":8},"end":{"line":49,"column":34}},"18":{"start":{"line":53,"column":8},"end":{"line":53,"column":25}},"19":{"start":{"line":57,"column":8},"end":{"line":57,"column":29}},"20":{"start":{"line":61,"column":8},"end":{"line":61,"column":29}},"21":{"start":{"line":65,"column":8},"end":{"line":65,"column":29}},"22":{"start":{"line":69,"column":8},"end":{"line":69,"column":24}},"23":{"start":{"line":2,"column":0},"end":{"line":2,"column":13}}},"fnMap":{"0":{"name":"(anonymous_0)","decl":{"start":{"line":15,"column":4},"end":{"line":15,"column":17}},"loc":{"start":{"line":15,"column":184},"end":{"line":30,"column":5}}},"1":{"name":"(anonymous_1)","decl":{"start":{"line":32,"column":11},"end":{"line":32,"column":16}},"loc":{"start":{"line":32,"column":16},"end":{"line":34,"column":5}}},"2":{"name":"(anonymous_2)","decl":{"start":{"line":36,"column":11},"end":{"line":36,"column":20}},"loc":{"start":{"line":36,"column":20},"end":{"line":38,"column":5}}},"3":{"name":"(anonymous_3)","decl":{"start":{"line":40,"column":11},"end":{"line":40,"column":23}},"loc":{"start":{"line":40,"column":23},"end":{"line":42,"column":5}}},"4":{"name":"(anonymous_4)","decl":{"start":{"line":44,"column":11},"end":{"line":44,"column":22}},"loc":{"start":{"line":44,"column":22},"end":{"line":46,"column":5}}},"5":{"name":"(anonymous_5)","decl":{"start":{"line":48,"column":11},"end":{"line":48,"column":27}},"loc":{"start":{"line":48,"column":27},"end":{"line":50,"column":5}}},"6":{"name":"(anonymous_6)","decl":{"start":{"line":52,"column":11},"end":{"line":52,"column":18}},"loc":{"start":{"line":52,"column":18},"end":{"line":54,"column":5}}},"7":{"name":"(anonymous_7)","decl":{"start":{"line":56,"column":11},"end":{"line":56,"column":22}},"loc":{"start":{"line":56,"column":22},"end":{"line":58,"column":5}}},"8":{"name":"(anonymous_8)","decl":{"start":{"line":60,"column":11},"end":{"line":60,"column":22}},"loc":{"start":{"line":60,"column":22},"end":{"line":62,"column":5}}},"9":{"name":"(anonymous_9)","decl":{"start":{"line":64,"column":11},"end":{"line":64,"column":22}},"loc":{"start":{"line":64,"column":22},"end":{"line":66,"column":5}}},"10":{"name":"(anonymous_10)","decl":{"start":{"line":68,"column":11},"end":{"line":68,"column":17}},"loc":{"start":{"line":68,"column":17},"end":{"line":70,"column":5}}}},"branchMap":{"0":{"loc":{"start":{"line":26,"column":8},"end":{"line":28,"column":9}},"type":"if","locations":[{"start":{"line":26,"column":8},"end":{"line":28,"column":9}}]},"1":{"loc":{"start":{"line":29,"column":18},"end":{"line":29,"column":32}},"type":"binary-expr","locations":[{"start":{"line":29,"column":18},"end":{"line":29,"column":20}},{"start":{"line":29,"column":24},"end":{"line":29,"column":32}}]}},"s":{"0":1,"1":2,"2":2,"3":2,"4":2,"5":2,"6":2,"7":2,"8":2,"9":2,"10":2,"11":2,"12":2,"13":1,"14":1,"15":1,"16":1,"17":1,"18":1,"19":1,"20":1,"21":1,"22":1,"23":1},"f":{"0":2,"1":1,"2":1,"3":1,"4":1,"5":1,"6":1,"7":1,"8":1,"9":1,"10":1},"b":{"0":[2],"1":[2,0]}}
,"C:\\Users\\rafaa\\OneDrive\\Documentos\\POS-Arquitetura_Software\\FASE5\\challenge5-app-importacao\\src\\Core\\Entity\\VideoImportEntity.ts": {"path":"C:\\Users\\rafaa\\OneDrive\\Documentos\\POS-Arquitetura_Software\\FASE5\\challenge5-app-importacao\\src\\Core\\Entity\\VideoImportEntity.ts","statementMap":{"0":{"start":{"line":6,"column":8},"end":{"line":6,"column":51}},"1":{"start":{"line":9,"column":16},"end":{"line":9,"column":31}},"2":{"start":{"line":10,"column":16},"end":{"line":10,"column":30}},"3":{"start":{"line":11,"column":16},"end":{"line":11,"column":50}},"4":{"start":{"line":12,"column":16},"end":{"line":12,"column":46}},"5":{"start":{"line":13,"column":16},"end":{"line":13,"column":33}},"6":{"start":{"line":14,"column":16},"end":{"line":14,"column":31}},"7":{"start":{"line":15,"column":16},"end":{"line":15,"column":31}},"8":{"start":{"line":16,"column":16},"end":{"line":16,"column":39}},"9":{"start":{"line":17,"column":16},"end":{"line":17,"column":32}},"10":{"start":{"line":23,"column":8},"end":{"line":23,"column":28}},"11":{"start":{"line":27,"column":8},"end":{"line":27,"column":31}},"12":{"start":{"line":31,"column":8},"end":{"line":31,"column":27}},"13":{"start":{"line":35,"column":8},"end":{"line":35,"column":29}},"14":{"start":{"line":39,"column":8},"end":{"line":39,"column":33}},"15":{"start":{"line":43,"column":8},"end":{"line":43,"column":35}},"16":{"start":{"line":47,"column":8},"end":{"line":47,"column":43}},"17":{"start":{"line":51,"column":8},"end":{"line":51,"column":49}},"18":{"start":{"line":55,"column":8},"end":{"line":55,"column":30}},"19":{"start":{"line":59,"column":8},"end":{"line":59,"column":29}},"20":{"start":{"line":63,"column":8},"end":{"line":63,"column":30}},"21":{"start":{"line":67,"column":8},"end":{"line":67,"column":30}},"22":{"start":{"line":71,"column":8},"end":{"line":71,"column":30}},"23":{"start":{"line":75,"column":8},"end":{"line":75,"column":30}},"24":{"start":{"line":79,"column":8},"end":{"line":79,"column":31}},"25":{"start":{"line":83,"column":8},"end":{"line":83,"column":31}},"26":{"start":{"line":87,"column":8},"end":{"line":87,"column":29}},"27":{"start":{"line":91,"column":8},"end":{"line":91,"column":33}},"28":{"start":{"line":4,"column":0},"end":{"line":4,"column":13}}},"fnMap":{"0":{"name":"(anonymous_0)","decl":{"start":{"line":5,"column":4},"end":{"line":5,"column":13}},"loc":{"start":{"line":5,"column":13},"end":{"line":7,"column":5}}},"1":{"name":"(anonymous_1)","decl":{"start":{"line":8,"column":4},"end":{"line":8,"column":null}},"loc":{"start":{"line":17,"column":32},"end":{"line":18,"column":8}}},"2":{"name":"(anonymous_2)","decl":{"start":{"line":22,"column":11},"end":{"line":22,"column":21}},"loc":{"start":{"line":22,"column":21},"end":{"line":24,"column":5}}},"3":{"name":"(anonymous_3)","decl":{"start":{"line":26,"column":11},"end":{"line":26,"column":21}},"loc":{"start":{"line":26,"column":37},"end":{"line":28,"column":5}}},"4":{"name":"(anonymous_4)","decl":{"start":{"line":30,"column":11},"end":{"line":30,"column":20}},"loc":{"start":{"line":30,"column":20},"end":{"line":32,"column":5}}},"5":{"name":"(anonymous_5)","decl":{"start":{"line":34,"column":11},"end":{"line":34,"column":20}},"loc":{"start":{"line":34,"column":35},"end":{"line":36,"column":5}}},"6":{"name":"(anonymous_6)","decl":{"start":{"line":38,"column":11},"end":{"line":38,"column":26}},"loc":{"start":{"line":38,"column":26},"end":{"line":40,"column":5}}},"7":{"name":"(anonymous_7)","decl":{"start":{"line":42,"column":11},"end":{"line":42,"column":26}},"loc":{"start":{"line":42,"column":55},"end":{"line":44,"column":5}}},"8":{"name":"(anonymous_8)","decl":{"start":{"line":46,"column":11},"end":{"line":46,"column":36}},"loc":{"start":{"line":46,"column":36},"end":{"line":48,"column":5}}},"9":{"name":"(anonymous_9)","decl":{"start":{"line":50,"column":11},"end":{"line":50,"column":36}},"loc":{"start":{"line":50,"column":55},"end":{"line":52,"column":5}}},"10":{"name":"(anonymous_10)","decl":{"start":{"line":54,"column":11},"end":{"line":54,"column":23}},"loc":{"start":{"line":54,"column":23},"end":{"line":56,"column":5}}},"11":{"name":"(anonymous_11)","decl":{"start":{"line":58,"column":11},"end":{"line":58,"column":23}},"loc":{"start":{"line":58,"column":35},"end":{"line":60,"column":5}}},"12":{"name":"(anonymous_12)","decl":{"start":{"line":62,"column":11},"end":{"line":62,"column":23}},"loc":{"start":{"line":62,"column":23},"end":{"line":64,"column":5}}},"13":{"name":"(anonymous_13)","decl":{"start":{"line":66,"column":11},"end":{"line":66,"column":23}},"loc":{"start":{"line":66,"column":34},"end":{"line":68,"column":5}}},"14":{"name":"(anonymous_14)","decl":{"start":{"line":70,"column":11},"end":{"line":70,"column":23}},"loc":{"start":{"line":70,"column":23},"end":{"line":72,"column":5}}},"15":{"name":"(anonymous_15)","decl":{"start":{"line":74,"column":11},"end":{"line":74,"column":23}},"loc":{"start":{"line":74,"column":34},"end":{"line":76,"column":5}}},"16":{"name":"(anonymous_16)","decl":{"start":{"line":78,"column":11},"end":{"line":78,"column":24}},"loc":{"start":{"line":78,"column":24},"end":{"line":80,"column":5}}},"17":{"name":"(anonymous_17)","decl":{"start":{"line":82,"column":11},"end":{"line":82,"column":24}},"loc":{"start":{"line":82,"column":42},"end":{"line":84,"column":5}}},"18":{"name":"(anonymous_18)","decl":{"start":{"line":86,"column":11},"end":{"line":86,"column":22}},"loc":{"start":{"line":86,"column":22},"end":{"line":88,"column":5}}},"19":{"name":"(anonymous_19)","decl":{"start":{"line":90,"column":11},"end":{"line":90,"column":22}},"loc":{"start":{"line":90,"column":39},"end":{"line":92,"column":5}}}},"branchMap":{},"s":{"0":0,"1":4,"2":4,"3":4,"4":4,"5":4,"6":4,"7":4,"8":4,"9":4,"10":1,"11":0,"12":1,"13":0,"14":2,"15":1,"16":1,"17":0,"18":2,"19":1,"20":1,"21":0,"22":1,"23":0,"24":2,"25":1,"26":1,"27":0,"28":1},"f":{"0":0,"1":4,"2":1,"3":0,"4":1,"5":0,"6":2,"7":1,"8":1,"9":0,"10":2,"11":1,"12":1,"13":0,"14":1,"15":0,"16":2,"17":1,"18":1,"19":0},"b":{}}
,"C:\\Users\\rafaa\\OneDrive\\Documentos\\POS-Arquitetura_Software\\FASE5\\challenge5-app-importacao\\src\\Core\\Entity\\ValueObject\\ProcessingConfigEntity.ts": {"path":"C:\\Users\\rafaa\\OneDrive\\Documentos\\POS-Arquitetura_Software\\FASE5\\challenge5-app-importacao\\src\\Core\\Entity\\ValueObject\\ProcessingConfigEntity.ts","statementMap":{"0":{"start":{"line":1,"column":0},"end":{"line":1,"column":36}},"1":{"start":{"line":11,"column":8},"end":{"line":11,"column":41}},"2":{"start":{"line":12,"column":8},"end":{"line":12,"column":37}},"3":{"start":{"line":13,"column":8},"end":{"line":13,"column":33}},"4":{"start":{"line":15,"column":8},"end":{"line":17,"column":9}},"5":{"start":{"line":16,"column":12},"end":{"line":16,"column":26}},"6":{"start":{"line":18,"column":8},"end":{"line":18,"column":21}},"7":{"start":{"line":22,"column":8},"end":{"line":22,"column":23}},"8":{"start":{"line":26,"column":8},"end":{"line":26,"column":33}},"9":{"start":{"line":30,"column":8},"end":{"line":30,"column":31}},"10":{"start":{"line":34,"column":8},"end":{"line":34,"column":29}},"11":{"start":{"line":3,"column":0},"end":{"line":3,"column":13}}},"fnMap":{"0":{"name":"(anonymous_0)","decl":{"start":{"line":10,"column":4},"end":{"line":10,"column":17}},"loc":{"start":{"line":10,"column":88},"end":{"line":19,"column":5}}},"1":{"name":"(anonymous_1)","decl":{"start":{"line":21,"column":11},"end":{"line":21,"column":16}},"loc":{"start":{"line":21,"column":16},"end":{"line":23,"column":5}}},"2":{"name":"(anonymous_2)","decl":{"start":{"line":25,"column":11},"end":{"line":25,"column":26}},"loc":{"start":{"line":25,"column":26},"end":{"line":27,"column":5}}},"3":{"name":"(anonymous_3)","decl":{"start":{"line":29,"column":11},"end":{"line":29,"column":24}},"loc":{"start":{"line":29,"column":24},"end":{"line":31,"column":5}}},"4":{"name":"(anonymous_4)","decl":{"start":{"line":33,"column":11},"end":{"line":33,"column":22}},"loc":{"start":{"line":33,"column":22},"end":{"line":35,"column":5}}}},"branchMap":{"0":{"loc":{"start":{"line":15,"column":8},"end":{"line":17,"column":9}},"type":"if","locations":[{"start":{"line":15,"column":8},"end":{"line":17,"column":9}}]}},"s":{"0":1,"1":2,"2":2,"3":2,"4":2,"5":2,"6":2,"7":1,"8":1,"9":1,"10":1,"11":1},"f":{"0":2,"1":1,"2":1,"3":1,"4":1},"b":{"0":[2]}}
,"C:\\Users\\rafaa\\OneDrive\\Documentos\\POS-Arquitetura_Software\\FASE5\\challenge5-app-importacao\\src\\Core\\Entity\\ValueObject\\ProcessingStatusEnum.ts": {"path":"C:\\Users\\rafaa\\OneDrive\\Documentos\\POS-Arquitetura_Software\\FASE5\\challenge5-app-importacao\\src\\Core\\Entity\\ValueObject\\ProcessingStatusEnum.ts","statementMap":{"0":{"start":{"line":1,"column":0},"end":{"line":1,"column":null}},"1":{"start":{"line":2,"column":4},"end":{"line":2,"column":null}},"2":{"start":{"line":3,"column":4},"end":{"line":3,"column":null}},"3":{"start":{"line":4,"column":4},"end":{"line":4,"column":null}},"4":{"start":{"line":5,"column":4},"end":{"line":5,"column":null}}},"fnMap":{"0":{"name":"(anonymous_0)","decl":{"start":{"line":1,"column":0},"end":{"line":1,"column":12}},"loc":{"start":{"line":1,"column":32},"end":{"line":6,"column":1}}}},"branchMap":{"0":{"loc":{"start":{"line":1,"column":12},"end":{"line":1,"column":null}},"type":"binary-expr","locations":[{"start":{"line":1,"column":12},"end":{"line":1,"column":32}},{"start":{"line":1,"column":32},"end":{"line":1,"column":null}}]}},"s":{"0":1,"1":1,"2":1,"3":1,"4":1},"f":{"0":1},"b":{"0":[1,1]}}
,"C:\\Users\\rafaa\\OneDrive\\Documentos\\POS-Arquitetura_Software\\FASE5\\challenge5-app-importacao\\src\\Core\\Entity\\ValueObject\\UserEntity.ts": {"path":"C:\\Users\\rafaa\\OneDrive\\Documentos\\POS-Arquitetura_Software\\FASE5\\challenge5-app-importacao\\src\\Core\\Entity\\ValueObject\\UserEntity.ts","statementMap":{"0":{"start":{"line":12,"column":8},"end":{"line":12,"column":29}},"1":{"start":{"line":13,"column":8},"end":{"line":13,"column":27}},"2":{"start":{"line":14,"column":8},"end":{"line":14,"column":35}},"3":{"start":{"line":15,"column":8},"end":{"line":15,"column":33}},"4":{"start":{"line":16,"column":8},"end":{"line":16,"column":35}},"5":{"start":{"line":3,"column":0},"end":{"line":3,"column":13}}},"fnMap":{"0":{"name":"(anonymous_0)","decl":{"start":{"line":11,"column":4},"end":{"line":11,"column":17}},"loc":{"start":{"line":11,"column":103},"end":{"line":17,"column":5}}}},"branchMap":{},"s":{"0":3,"1":3,"2":3,"3":3,"4":3,"5":1},"f":{"0":3},"b":{}}
}
